<?xml version="1.0" encoding="UTF-8"?>
<!-- Generated by org.testng.reporters.JUnitXMLReporter -->
<testsuite hostname="pva-HP" name="Test" tests="5" failures="0" timestamp="30 Aug 2016 19:30:26 GMT" time="31.394" errors="0">
  <testcase name="login" time="13.903" classname="testIng.Dependencytestng"/>
  <testcase name="test1" time="0.228" classname="testIng.Dependencytestng"/>
  <testcase name="logout" time="4.839" classname="testIng.Dependencytestng"/>
  <testcase name="verifytitle" time="10.052" classname="testIng.GoogleTest"/>
  <testcase name="navigatetogmail" time="2.337" classname="testIng.GoogleTest"/>
</testsuite> <!-- Test -->
